Oct 22 09:42:58.000 [notice] Tor 0.4.8.19 opening new log file.
Oct 22 09:42:58.134 [notice] We compiled with OpenSSL 30500020: OpenSSL 3.5.2 5 Aug 2025 and we are running with OpenSSL 30500020: 3.5.2. These two versions should be binary compatible.
Oct 22 09:42:58.141 [notice] Tor 0.4.8.19 running on Linux with Libevent 2.1.12-stable, OpenSSL 3.5.2, Zlib 1.3.1, Liblzma 5.8.1, Libzstd N/A and Unknown N/A as libc.
Oct 22 09:42:58.141 [notice] Tor can't help you if you use it wrong! Learn how to be safe at https://support.torproject.org/faq/staying-anonymous/
Oct 22 09:42:58.141 [notice] Read configuration file "/data/data/com.termux/files/home/vpn_v2/torrc".
Oct 22 09:42:58.145 [notice] Opening Socks listener on 127.0.0.1:9050
Oct 22 09:42:58.145 [notice] Opened Socks listener connection (ready) on 127.0.0.1:9050
Oct 22 09:42:58.000 [notice] Parsing GEOIP IPv4 file /data/data/com.termux/files/usr/share/tor/geoip.
Oct 22 09:42:58.000 [notice] Parsing GEOIP IPv6 file /data/data/com.termux/files/usr/share/tor/geoip6.
Oct 22 09:42:58.000 [notice] Set list of supported TLS groups to: ?*X25519MLKEM768 / ?SecP256r1MLKEM768 / *P-256:?X25519:P-224
Oct 22 09:42:58.000 [notice] Bootstrapped 0% (starting): Starting
Oct 22 09:42:58.000 [notice] Starting with guard context "default"
Oct 22 09:42:59.000 [notice] Bootstrapped 5% (conn): Connecting to a relay
Oct 22 09:42:59.000 [notice] Bootstrapped 10% (conn_done): Connected to a relay
Oct 22 09:42:59.000 [notice] Bootstrapped 14% (handshake): Handshaking with a relay
Oct 22 09:43:00.000 [notice] Bootstrapped 15% (handshake_done): Handshake with a relay done
Oct 22 09:43:00.000 [notice] Bootstrapped 20% (onehop_create): Establishing an encrypted directory connection
Oct 22 09:43:01.000 [notice] Bootstrapped 25% (requesting_status): Asking for networkstatus consensus
Oct 22 09:43:01.000 [notice] Bootstrapped 30% (loading_status): Loading networkstatus consensus
Oct 22 09:45:03.000 [notice] Tried for 120 seconds to get a connection to [scrubbed]:443. Giving up. (waiting for circuit)
Oct 22 09:47:43.000 [notice] I learned some more directory information, but not enough to build a circuit: We have no usable consensus.
Oct 22 09:47:43.000 [notice] Bootstrapped 40% (loading_keys): Loading authority key certs
Oct 22 09:47:44.000 [notice] The current consensus has no exit nodes. Tor can only build internal paths, such as paths to onion services.
Oct 22 09:47:44.000 [notice] Bootstrapped 45% (requesting_descriptors): Asking for relay descriptors
Oct 22 09:47:44.000 [notice] I learned some more directory information, but not enough to build a circuit: We need more microdescriptors: we have 0/9088, and can only build 0% of likely paths. (We have 0% of guards bw, 0% of midpoint bw, and 0% of end bw (no exits in consensus, using mid) = 0% of path bw.)
Oct 22 09:47:45.000 [notice] Bootstrapped 50% (loading_descriptors): Loading relay descriptors
Oct 22 09:48:47.000 [notice] Tor 0.4.8.19 opening log file.
Oct 22 09:48:47.254 [notice] We compiled with OpenSSL 30500020: OpenSSL 3.5.2 5 Aug 2025 and we are running with OpenSSL 30500020: 3.5.2. These two versions should be binary compatible.
Oct 22 09:48:47.256 [notice] Tor 0.4.8.19 running on Linux with Libevent 2.1.12-stable, OpenSSL 3.5.2, Zlib 1.3.1, Liblzma 5.8.1, Libzstd N/A and Unknown N/A as libc.
Oct 22 09:48:47.256 [notice] Tor can't help you if you use it wrong! Learn how to be safe at https://support.torproject.org/faq/staying-anonymous/
Oct 22 09:48:47.256 [notice] Read configuration file "/data/data/com.termux/files/home/vpn_v2/torrc".
Oct 22 09:48:47.258 [notice] Opening Socks listener on 127.0.0.1:9050
Oct 22 09:48:47.258 [notice] Opened Socks listener connection (ready) on 127.0.0.1:9050
Oct 22 09:48:47.000 [notice] Parsing GEOIP IPv4 file /data/data/com.termux/files/usr/share/tor/geoip.
Oct 22 09:48:47.000 [notice] Parsing GEOIP IPv6 file /data/data/com.termux/files/usr/share/tor/geoip6.
Oct 22 09:48:47.000 [notice] Set list of supported TLS groups to: ?*X25519MLKEM768 / ?SecP256r1MLKEM768 / *P-256:?X25519:P-224
Oct 22 09:48:47.000 [notice] Bootstrapped 0% (starting): Starting
Oct 22 09:48:47.000 [notice] The current consensus has no exit nodes. Tor can only build internal paths, such as paths to onion services.
Oct 22 09:48:47.000 [notice] Starting with guard context "default"
Oct 22 09:48:47.000 [notice] Bootstrapped 5% (conn): Connecting to a relay
Oct 22 09:48:47.000 [notice] Bootstrapped 10% (conn_done): Connected to a relay
Oct 22 09:48:47.000 [notice] Bootstrapped 14% (handshake): Handshaking with a relay
Oct 22 09:48:48.000 [notice] Bootstrapped 15% (handshake_done): Handshake with a relay done
Oct 22 09:48:48.000 [notice] Bootstrapped 45% (requesting_descriptors): Asking for relay descriptors
Oct 22 09:48:48.000 [notice] Bootstrapped 50% (loading_descriptors): Loading relay descriptors
Oct 22 09:49:27.000 [notice] The current consensus contains exit nodes. Tor can build exit and internal paths.
Oct 22 09:50:39.000 [notice] Bootstrapped 55% (loading_descriptors): Loading relay descriptors
Oct 22 09:50:52.000 [notice] Tried for 120 seconds to get a connection to [scrubbed]:443. Giving up. (waiting for circuit)
Oct 22 09:51:25.000 [notice] Bootstrapped 60% (loading_descriptors): Loading relay descriptors
Oct 22 09:51:34.000 [notice] Bootstrapped 65% (loading_descriptors): Loading relay descriptors
Oct 22 09:51:39.000 [notice] Bootstrapped 73% (loading_descriptors): Loading relay descriptors
Oct 22 09:51:39.000 [notice] Bootstrapped 75% (enough_dirinfo): Loaded enough directory info to build circuits
Oct 22 09:51:40.000 [notice] Bootstrapped 90% (ap_handshake_done): Handshake finished with a relay to build circuits
Oct 22 09:51:40.000 [notice] Bootstrapped 95% (circuit_create): Establishing a Tor circuit
Oct 22 09:51:40.000 [notice] Bootstrapped 100% (done): Done
Oct 22 09:51:41.000 [notice] All current guards excluded by path restriction type 0; using an additonal guard.
Oct 22 09:53:31.000 [notice] Tor 0.4.8.19 opening log file.
Oct 22 09:53:31.713 [notice] We compiled with OpenSSL 30500020: OpenSSL 3.5.2 5 Aug 2025 and we are running with OpenSSL 30500020: 3.5.2. These two versions should be binary compatible.
Oct 22 09:53:31.716 [notice] Tor 0.4.8.19 running on Linux with Libevent 2.1.12-stable, OpenSSL 3.5.2, Zlib 1.3.1, Liblzma 5.8.1, Libzstd N/A and Unknown N/A as libc.
Oct 22 09:53:31.716 [notice] Tor can't help you if you use it wrong! Learn how to be safe at https://support.torproject.org/faq/staying-anonymous/
Oct 22 09:53:31.716 [notice] Read configuration file "/data/data/com.termux/files/home/vpn_v2/torrc".
Oct 22 09:53:31.717 [notice] Opening Socks listener on 127.0.0.1:9050
Oct 22 09:53:31.717 [notice] Opened Socks listener connection (ready) on 127.0.0.1:9050
Oct 22 09:53:31.000 [notice] Parsing GEOIP IPv4 file /data/data/com.termux/files/usr/share/tor/geoip.
Oct 22 09:53:31.000 [notice] Parsing GEOIP IPv6 file /data/data/com.termux/files/usr/share/tor/geoip6.
Oct 22 09:53:32.000 [notice] Set list of supported TLS groups to: ?*X25519MLKEM768 / ?SecP256r1MLKEM768 / *P-256:?X25519:P-224
Oct 22 09:53:32.000 [notice] Bootstrapped 0% (starting): Starting
Oct 22 09:53:32.000 [notice] Starting with guard context "default"
Oct 22 09:53:34.000 [notice] Bootstrapped 5% (conn): Connecting to a relay
Oct 22 09:53:34.000 [notice] Bootstrapped 10% (conn_done): Connected to a relay
Oct 22 09:53:34.000 [notice] Bootstrapped 14% (handshake): Handshaking with a relay
Oct 22 09:53:34.000 [notice] Bootstrapped 15% (handshake_done): Handshake with a relay done
Oct 22 09:53:34.000 [notice] Bootstrapped 75% (enough_dirinfo): Loaded enough directory info to build circuits
Oct 22 09:53:34.000 [notice] Bootstrapped 90% (ap_handshake_done): Handshake finished with a relay to build circuits
Oct 22 09:53:34.000 [notice] Bootstrapped 95% (circuit_create): Establishing a Tor circuit
Oct 22 09:53:34.000 [notice] Bootstrapped 100% (done): Done
Oct 22 09:54:21.000 [notice] All current guards excluded by path restriction type 0; using an additonal guard.
Oct 22 10:01:09.000 [notice] All current guards excluded by path restriction type 0; using an additonal guard. [1 similar message(s) suppressed in last 420 seconds]
Oct 22 10:04:24.000 [notice] All current guards excluded by path restriction type 0; using an additonal guard. [2 similar message(s) suppressed in last 240 seconds]
Oct 22 10:07:30.000 [notice] All current guards excluded by path restriction type 0; using an additonal guard.
Oct 22 10:09:02.000 [notice] All current guards excluded by path restriction type 0; using an additonal guard. [2 similar message(s) suppressed in last 60 seconds]
